<?xml version="1.0" encoding="UTF-8"?>
<!-- Generated by org.testng.reporters.JUnitReportReporter -->
<testsuite hostname="LuisGabriel" failures="0" tests="5" name="finaltc.VerifyIfSearchFunctionalityWorks" time="17.764" errors="0" timestamp="2021-01-03T12:17:24 CST" skipped="0">
  <testcase classname="finaltc.VerifyIfSearchFunctionalityWorks" name="verifyIfSearchFunctionalityWorks" time="3.562"/>
  <system-out/>
  <testcase classname="finaltc.VerifyIfSearchFunctionalityWorks" name="verifyIfSearchFunctionalityWorks" time="3.534"/>
  <system-out/>
  <testcase classname="finaltc.VerifyIfSearchFunctionalityWorks" name="verifyIfSearchFunctionalityWorks" time="3.541"/>
  <system-out/>
  <testcase classname="finaltc.VerifyIfSearchFunctionalityWorks" name="verifyIfSearchFunctionalityWorks" time="3.505"/>
  <system-out/>
  <testcase classname="finaltc.VerifyIfSearchFunctionalityWorks" name="verifyIfSearchFunctionalityWorks" time="3.622"/>
  <system-out/>
</testsuite> <!-- finaltc.VerifyIfSearchFunctionalityWorks -->
