<?xml version="1.0" encoding="UTF-8"?>
<!-- Generated by org.testng.reporters.JUnitReportReporter -->
<testsuite hostname="LuisGabriel" failures="0" tests="1" name="finaltc.ValidateAddingQuantityToTheItemShoppingCart" time="0.350" errors="0" timestamp="2021-01-02T21:12:49 CST" skipped="0">
  <testcase classname="finaltc.ValidateAddingQuantityToTheItemShoppingCart" name="addingQuantityProductsToCart" time="0.350"/>
  <system-out/>
</testsuite> <!-- finaltc.ValidateAddingQuantityToTheItemShoppingCart -->
