<?xml version="1.0" encoding="UTF-8"?>
<!-- Generated by org.testng.reporters.JUnitReportReporter -->
<testsuite hostname="LuisGabriel" failures="0" tests="1" name="finaltc.AddingMultipleISingleItemsToCart" time="1.538" errors="0" timestamp="2021-01-03T12:17:24 CST" skipped="0">
  <testcase classname="finaltc.AddingMultipleISingleItemsToCart" name="addingMultipleIOneItemsToCart" time="1.538"/>
  <system-out/>
</testsuite> <!-- finaltc.AddingMultipleISingleItemsToCart -->
