<?xml version="1.0" encoding="UTF-8"?>
<!-- Generated by org.testng.reporters.JUnitReportReporter -->
<testsuite hostname="LuisGabriel" failures="0" tests="5" name="finaltc.VerifyIfSearchFunctionalityWorksExistingProducts" time="17.676" errors="0" timestamp="2021-01-03T13:49:29 CST" skipped="0">
  <testcase classname="finaltc.VerifyIfSearchFunctionalityWorksExistingProducts" name="verifyIfSearchFunctionalityWorksExistingProducts" time="3.489"/>
  <system-out/>
  <testcase classname="finaltc.VerifyIfSearchFunctionalityWorksExistingProducts" name="verifyIfSearchFunctionalityWorksExistingProducts" time="3.589"/>
  <system-out/>
  <testcase classname="finaltc.VerifyIfSearchFunctionalityWorksExistingProducts" name="verifyIfSearchFunctionalityWorksExistingProducts" time="3.554"/>
  <system-out/>
  <testcase classname="finaltc.VerifyIfSearchFunctionalityWorksExistingProducts" name="verifyIfSearchFunctionalityWorksExistingProducts" time="3.505"/>
  <system-out/>
  <testcase classname="finaltc.VerifyIfSearchFunctionalityWorksExistingProducts" name="verifyIfSearchFunctionalityWorksExistingProducts" time="3.539"/>
  <system-out/>
</testsuite> <!-- finaltc.VerifyIfSearchFunctionalityWorksExistingProducts -->
