<?xml version="1.0" encoding="UTF-8"?>
<!-- Generated by org.testng.reporters.JUnitReportReporter -->
<testsuite hostname="LuisGabriel" failures="0" tests="1" name="finaltc.VerifyAllLinksWorks" time="2.393" errors="0" timestamp="2021-01-03T13:49:29 CST" skipped="0">
  <testcase classname="finaltc.VerifyAllLinksWorks" name="verifyAllLinksWorks" time="2.393"/>
  <system-out/>
</testsuite> <!-- finaltc.VerifyAllLinksWorks -->
