<?xml version="1.0" encoding="UTF-8"?>
<!-- Generated by org.testng.reporters.JUnitReportReporter -->
<testsuite hostname="LuisGabriel" failures="0" tests="1" name="finaltc.RestTwiterGetSingleTweet" time="1.095" errors="0" timestamp="2021-01-04T13:13:21 CST" skipped="0">
  <testcase classname="finaltc.RestTwiterGetSingleTweet" name="getSingleTweet" time="1.095"/>
  <system-out/>
</testsuite> <!-- finaltc.RestTwiterGetSingleTweet -->
