<?xml version="1.0" encoding="UTF-8"?>
<!-- Generated by org.testng.reporters.JUnitReportReporter -->
<testsuite hostname="LuisGabriel" failures="0" tests="5" name="finaltc.VerifyIfSearchFunctionalityWorksNonExistingProducts" time="9.270" errors="0" timestamp="2021-01-03T13:49:29 CST" skipped="0">
  <testcase classname="finaltc.VerifyIfSearchFunctionalityWorksNonExistingProducts" name="verifyIfSearchFunctionalityWorksNonExistingProducts" time="1.912"/>
  <system-out/>
  <testcase classname="finaltc.VerifyIfSearchFunctionalityWorksNonExistingProducts" name="verifyIfSearchFunctionalityWorksNonExistingProducts" time="1.863"/>
  <system-out/>
  <testcase classname="finaltc.VerifyIfSearchFunctionalityWorksNonExistingProducts" name="verifyIfSearchFunctionalityWorksNonExistingProducts" time="1.805"/>
  <system-out/>
  <testcase classname="finaltc.VerifyIfSearchFunctionalityWorksNonExistingProducts" name="verifyIfSearchFunctionalityWorksNonExistingProducts" time="1.820"/>
  <system-out/>
  <testcase classname="finaltc.VerifyIfSearchFunctionalityWorksNonExistingProducts" name="verifyIfSearchFunctionalityWorksNonExistingProducts" time="1.870"/>
  <system-out/>
</testsuite> <!-- finaltc.VerifyIfSearchFunctionalityWorksNonExistingProducts -->
