<?xml version="1.0" encoding="UTF-8"?>
<!-- Generated by org.testng.reporters.JUnitReportReporter -->
<testsuite hostname="LuisGabriel" failures="0" tests="1" name="finaltc.VerifyTotalSumOfAddQuantitySingleItem" time="0.415" errors="0" timestamp="2021-01-03T13:49:29 CST" skipped="0">
  <testcase classname="finaltc.VerifyTotalSumOfAddQuantitySingleItem" name="verifyTotalSumOfAddQuantityOneItem" time="0.415"/>
  <system-out/>
</testsuite> <!-- finaltc.VerifyTotalSumOfAddQuantitySingleItem -->
