<?xml version="1.0" encoding="UTF-8"?>
<!-- Generated by org.testng.reporters.JUnitReportReporter -->
<testsuite hostname="LuisGabriel" failures="0" tests="1" name="finaltc.RestRecentSearchTwitter" time="1.142" errors="0" timestamp="2021-01-04T15:01:37 CST" skipped="0">
  <testcase classname="finaltc.RestRecentSearchTwitter" name="getRecentSearchTwitter" time="1.142"/>
  <system-out/>
</testsuite> <!-- finaltc.RestRecentSearchTwitter -->
